{"id": 1, "type": "GAS", "passengers": "ROBOTS", "isDining": false, "consumption": 43}
{"id": 2, "type": "GAS", "passengers": "ROBOTS", "isDining": true, "consumption": 12}
{"id": 3, "type": "GAS", "passengers": "PEOPLE", "isDining": true, "consumption": 20}
{"id": 4, "type": "ELECTRIC", "passengers": "ROBOTS", "isDining": true, "consumption": 37}
{"id": 5, "type": "GAS", "passengers": "ROBOTS", "isDining": false, "consumption": 48}
{"id": 6, "type": "ELECTRIC", "passengers": "ROBOTS", "isDining": false, "consumption": 48}
{"id": 7, "type": "GAS", "passengers": "PEOPLE", "isDining": true, "consumption": 36}
{"id": 8, "type": "ELECTRIC", "passengers": "ROBOTS", "isDining": true, "consumption": 41}
{"id": 9, "type": "ELECTRIC", "passengers": "PEOPLE", "isDining": true, "consumption": 36}
{"id": 10, "type": "ELECTRIC", "passengers": "ROBOTS", "isDining": false, "consumption": 47}
{"id": 11, "type": "ELECTRIC", "passengers": "ROBOTS", "isDining": true, "consumption": 21}
{"id": 12, "type": "ELECTRIC", "passengers": "ROBOTS", "isDining": true, "consumption": 29}
{"id": 13, "type": "ELECTRIC", "passengers": "PEOPLE", "isDining": false, "consumption": 33}
{"id": 14, "type": "GAS", "passengers": "PEOPLE", "isDining": true, "consumption": 35}
{"id": 15, "type": "GAS", "passengers": "ROBOTS", "isDining": true, "consumption": 45}
{"id": 16, "type": "ELECTRIC", "passengers": "ROBOTS", "isDining": true, "consumption": 46}
{"id": 17, "type": "ELECTRIC", "passengers": "PEOPLE", "isDining": false, "consumption": 21}
{"id": 18, "type": "GAS", "passengers": "PEOPLE", "isDining": false, "consumption": 36}
{"id": 19, "type": "ELECTRIC", "passengers": "ROBOTS", "isDining": false, "consumption": 35}
{"id": 20, "type": "GAS", "passengers": "ROBOTS", "isDining": true, "consumption": 50}
{"id": 21, "type": "GAS", "passengers": "PEOPLE", "isDining": true, "consumption": 29}
{"id": 22, "type": "ELECTRIC", "passengers": "ROBOTS", "isDining": true, "consumption": 20}
{"id": 23, "type": "ELECTRIC", "passengers": "PEOPLE", "isDining": true, "consumption": 46}
{"id": 24, "type": "GAS", "passengers": "PEOPLE", "isDining": false, "consumption": 45}
{"id": 25, "type": "GAS", "passengers": "ROBOTS", "isDining": false, "consumption": 12}
{"id": 26, "type": "GAS", "passengers": "PEOPLE", "isDining": false, "consumption": 18}
{"id": 27, "type": "GAS", "passengers": "PEOPLE", "isDining": true, "consumption": 14}
{"id": 28, "type": "ELECTRIC", "passengers": "PEOPLE", "isDining": false, "consumption": 39}
{"id": 29, "type": "ELECTRIC", "passengers": "PEOPLE", "isDining": true, "consumption": 20}
{"id": 30, "type": "ELECTRIC", "passengers": "PEOPLE", "isDining": true, "consumption": 29}
{"ELECTRIC": 16, "GAS": 14, "PEOPLE": 15, "ROBOTS": 15, "DINING": 18, "NOT_DINING": 12, "CONSUMPTION": {"ELECTRIC": 548, "GAS": 443}}
